<?xml version="1.0" encoding="UTF-8"?>
<!-- Generated by org.testng.reporters.JUnitReportReporter -->
<testsuite hostname="AlexeyNB" name="com.instudies.autotests.LoginTest" tests="1" failures="0" timestamp="11 Jun 2013 16:03:02 GMT" time="16.986" errors="0">
  <testcase name="testLogin" time="16.986" classname="com.instudies.autotests.LoginTest"/>
</testsuite> <!-- com.instudies.autotests.LoginTest -->
