<?xml version="1.0" encoding="UTF-8"?>
<!-- Generated by org.testng.reporters.JUnitReportReporter -->
<testsuite hostname="AlexeyNB" name="com.instudies.autotests.LoginTest" tests="1" failures="0" timestamp="28 May 2013 17:13:50 GMT" time="9.004" errors="0">
  <testcase name="testLogin" time="9.004" classname="com.instudies.autotests.LoginTest"/>
</testsuite> <!-- com.instudies.autotests.LoginTest -->
